action: py27, msg: getenv
cwd: /home/roo/Desktop/projects/paster-django
cmd: /home/roo/Desktop/projects/paster-django/.tox/py27/bin/python -m pip install --trusted-host files.ssw.lenovo.com -f http://files.ssw.lenovo.com/lico-pub/lico/repo/pip/ -r/home/roo/Desktop/projects/paster-django/requirements.txt -r/home/roo/Desktop/projects/paster-django/test-requirements.txt 'kubernetes>=9.0' lico-fs
DEPRECATION: Python 2.7 will reach the end of its life on January 1st, 2020. Please upgrade your Python as Python 2.7 won't be maintained after that date. A future version of pip will drop support for Python 2.7. More details about Python 2 support in pip, can be found at https://pip.pypa.io/en/latest/development/release-process/#python-2-support
Looking in links: http://files.ssw.lenovo.com/lico-pub/lico/repo/pip/
Collecting kubernetes>=9.0
  Using cached https://files.pythonhosted.org/packages/6e/fc/2cab119f679648b348b8940de0dd744a1f0ee99c690aa2ef6072f050816c/kubernetes-10.0.1-py2.py3-none-any.whl
Collecting lico-fs
  Downloading http://files.ssw.lenovo.com/lico-pub/lico/repo/pip/lico_fs-1.0.0.post20191028-py2.py3-none-any.whl
Collecting Django
  Using cached https://files.pythonhosted.org/packages/3c/ed/06a81a65fa00f766f2dbda94d09e946aa65c23e6d7ca3532984627a6c75a/Django-1.11.25-py2.py3-none-any.whl
Collecting django-pastedeploy-settings
  Using cached https://files.pythonhosted.org/packages/2f/e3/d3e21daddcfbe1f0ef6003dc2fd3fbb2f7789fd75b13ab0b7dc94d03a65a/django_pastedeploy_settings-1.0.2-py2-none-any.whl
Collecting pytest>=4.1.0
  Using cached https://files.pythonhosted.org/packages/64/f1/187a98b8f913a8f3a53d213cca2fae19718565f36165804d7f4f91fe5b76/pytest-4.6.6-py2.py3-none-any.whl
Collecting pytest-cov>=2.5
  Using cached https://files.pythonhosted.org/packages/b9/54/3673ee8be482f81527678ac894276223b9814bb7262e4f730469bb7bf70e/pytest_cov-2.8.1-py2.py3-none-any.whl
Collecting pytest-mock>=1.6.3
  Using cached https://files.pythonhosted.org/packages/7a/67/d527b9cd470e41e51436eb09b6af343828ae0ffbed9673ef03d75a0b6e6c/pytest_mock-1.11.2-py2.py3-none-any.whl
Collecting pytest-django>=3.1
  Using cached https://files.pythonhosted.org/packages/f4/f3/e2e937c295f55f0437ab4078f6933d8f9643bacafc05433b8f7d6c87bfa7/pytest_django-3.6.0-py2.py3-none-any.whl
Processing /root/.cache/pip/wheels/62/b3/f2/c71e3d66868019a971d07924a12a2d28e65694bfeaac95ac77/pytest_pythonpath-0.7.3-cp27-none-any.whl
Collecting py>=1.7.0
  Using cached https://files.pythonhosted.org/packages/76/bc/394ad449851729244a97857ee14d7cba61ddb268dce3db538ba2f2ba1f0f/py-1.8.0-py2.py3-none-any.whl
Processing /root/.cache/pip/wheels/90/7e/74/bb640d77775e6b6a78bcc3120f9fea4d2a28b2706de1cff37d/psutil-5.6.3-cp27-cp27mu-linux_x86_64.whl
Collecting djangorestframework~=3.7
  Using cached https://files.pythonhosted.org/packages/1b/fe/fcebec2a98fbd1548da1c12ce8d7f634a02a9cce350833fa227a625ec624/djangorestframework-3.9.4-py2.py3-none-any.whl
Collecting django-configurations>=2.0
  Using cached https://files.pythonhosted.org/packages/a3/6a/cfa9a6d1901217e91d93ee6e54620716a566a413466589035bdbe9d3bb83/django_configurations-2.1-py2.py3-none-any.whl
Collecting google-auth>=1.0.1
  Using cached https://files.pythonhosted.org/packages/c5/9b/ed0516cc1f7609fb0217e3057ff4f0f9f3e3ce79a369c6af4a6c5ca25664/google_auth-1.6.3-py2.py3-none-any.whl
Collecting certifi>=14.05.14
  Using cached https://files.pythonhosted.org/packages/18/b0/8146a4f8dd402f60744fa380bc73ca47303cccf8b9190fd16a827281eac2/certifi-2019.9.11-py2.py3-none-any.whl
Collecting requests
  Using cached https://files.pythonhosted.org/packages/51/bd/23c926cd341ea6b7dd0b2a00aba99ae0f828be89d72b2190f27c11d4b7fb/requests-2.22.0-py2.py3-none-any.whl
Processing /root/.cache/pip/wheels/d9/45/dd/65f0b38450c47cf7e5312883deb97d065e030c5cca0a365030/PyYAML-5.1.2-cp27-cp27mu-linux_x86_64.whl
Requirement already satisfied: setuptools>=21.0.0 in ./.tox/py27/lib/python2.7/site-packages (from kubernetes>=9.0) (41.5.1)
Collecting six>=1.9.0
  Using cached https://files.pythonhosted.org/packages/73/fb/00a976f728d0d1fecfe898238ce23f502a721c0ac0ecfedb80e0d88c64e9/six-1.12.0-py2.py3-none-any.whl
Collecting websocket-client!=0.40.0,!=0.41.*,!=0.42.*,>=0.32.0
  Using cached https://files.pythonhosted.org/packages/29/19/44753eab1fdb50770ac69605527e8859468f3c0fd7dc5a76dd9c4dbd7906/websocket_client-0.56.0-py2.py3-none-any.whl
Collecting urllib3>=1.24.2
  Using cached https://files.pythonhosted.org/packages/e0/da/55f51ea951e1b7c63a579c09dd7db825bb730ec1fe9c0180fc77bfb31448/urllib3-1.25.6-py2.py3-none-any.whl
Collecting requests-oauthlib
  Using cached https://files.pythonhosted.org/packages/c2/e2/9fd03d55ffb70fe51f587f20bcf407a6927eb121de86928b34d162f0b1ac/requests_oauthlib-1.2.0-py2.py3-none-any.whl
Collecting ipaddress>=1.0.17; python_version == "2.7"
  Using cached https://files.pythonhosted.org/packages/c2/f8/49697181b1651d8347d24c095ce46c7346c37335ddc7d255833e7cde674d/ipaddress-1.0.23-py2.py3-none-any.whl
Collecting python-dateutil>=2.5.3
  Using cached https://files.pythonhosted.org/packages/41/17/c62faccbfbd163c7f57f3844689e3a78bae1f403648a6afb1d0866d87fbb/python_dateutil-2.8.0-py2.py3-none-any.whl
Collecting pytz
  Using cached https://files.pythonhosted.org/packages/e7/f9/f0b53f88060247251bf481fa6ea62cd0d25bf1b11a87888e53ce5b7c8ad2/pytz-2019.3-py2.py3-none-any.whl
Collecting PasteDeploy>=1.3.3
  Using cached https://files.pythonhosted.org/packages/67/0c/faa9971b2e5e048b3b30008d04c72e4d5f63b42f48937c169acce2c5e70a/PasteDeploy-2.0.1-py2.py3-none-any.whl
Collecting Paste>=1.7.2
  Using cached https://files.pythonhosted.org/packages/20/bb/1cce1bc1e36a33065258534e1f0fce20d33e6732680c556709292122fa68/Paste-3.2.2-py2.py3-none-any.whl
Collecting importlib-metadata>=0.12; python_version < "3.8"
  Using cached https://files.pythonhosted.org/packages/f6/d2/40b3fa882147719744e6aa50ac39cf7a22a913cbcba86a0371176c425a3b/importlib_metadata-0.23-py2.py3-none-any.whl
Collecting funcsigs>=1.0; python_version < "3.0"
  Using cached https://files.pythonhosted.org/packages/69/cb/f5be453359271714c01b9bd06126eaf2e368f1fddfff30818754b5ac2328/funcsigs-1.0.2-py2.py3-none-any.whl
Collecting more-itertools<6.0.0,>=4.0.0; python_version <= "2.7"
  Using cached https://files.pythonhosted.org/packages/2f/9d/dcfe59e213093695f108508af1214cf9cd95cc5489e46877ec5cb56369e5/more_itertools-5.0.0-py2-none-any.whl
Collecting attrs>=17.4.0
  Using cached https://files.pythonhosted.org/packages/a2/db/4313ab3be961f7a763066401fb77f7748373b6094076ae2bda2806988af6/attrs-19.3.0-py2.py3-none-any.whl
Collecting wcwidth
  Using cached https://files.pythonhosted.org/packages/7e/9f/526a6947247599b084ee5232e4f9190a38f398d7300d866af3ab571a5bfe/wcwidth-0.1.7-py2.py3-none-any.whl
Collecting pluggy<1.0,>=0.12
  Using cached https://files.pythonhosted.org/packages/92/c7/48439f7d5fd6bddb4c04b850bb862b42e3e2b98570040dfaf68aedd8114b/pluggy-0.13.0-py2.py3-none-any.whl
Collecting atomicwrites>=1.0
  Using cached https://files.pythonhosted.org/packages/52/90/6155aa926f43f2b2a22b01be7241be3bfd1ceaf7d0b3267213e8127d41f4/atomicwrites-1.3.0-py2.py3-none-any.whl
Collecting pathlib2>=2.2.0; python_version < "3.6"
  Using cached https://files.pythonhosted.org/packages/e9/45/9c82d3666af4ef9f221cbb954e1d77ddbb513faf552aea6df5f37f1a4859/pathlib2-2.3.5-py2.py3-none-any.whl
Collecting packaging
  Using cached https://files.pythonhosted.org/packages/cf/94/9672c2d4b126e74c4496c6b3c58a8b51d6419267be9e70660ba23374c875/packaging-19.2-py2.py3-none-any.whl
Collecting coverage>=4.4
  Using cached https://files.pythonhosted.org/packages/b6/8c/a6ff1dc86ed0523de907f1f0c53e8933ae7bcd9c302b8d1eaebf3a6b80f0/coverage-4.5.4-cp27-cp27mu-manylinux1_x86_64.whl
Collecting mock; python_version < "3.0"
  Using cached https://files.pythonhosted.org/packages/05/d2/f94e68be6b17f46d2c353564da56e6fb89ef09faeeff3313a046cb810ca9/mock-3.0.5-py2.py3-none-any.whl
Collecting pyasn1-modules>=0.2.1
  Using cached https://files.pythonhosted.org/packages/52/50/bb4cefca37da63a0c52218ba2cb1b1c36110d84dcbae8aa48cd67c5e95c2/pyasn1_modules-0.2.7-py2.py3-none-any.whl
Collecting cachetools>=2.0.0
  Using cached https://files.pythonhosted.org/packages/2f/a6/30b0a0bef12283e83e58c1d6e7b5aabc7acfc4110df81a4471655d33e704/cachetools-3.1.1-py2.py3-none-any.whl
Collecting rsa>=3.1.4
  Using cached https://files.pythonhosted.org/packages/02/e5/38518af393f7c214357079ce67a317307936896e961e35450b70fad2a9cf/rsa-4.0-py2.py3-none-any.whl
Collecting chardet<3.1.0,>=3.0.2
  Using cached https://files.pythonhosted.org/packages/bc/a9/01ffebfb562e4274b6487b4bb1ddec7ca55ec7510b22e4c51f14098443b8/chardet-3.0.4-py2.py3-none-any.whl
Collecting idna<2.9,>=2.5
  Using cached https://files.pythonhosted.org/packages/14/2c/cd551d81dbe15200be1cf41cd03869a46fe7226e7450af7a6545bfc474c9/idna-2.8-py2.py3-none-any.whl
Collecting oauthlib>=3.0.0
  Using cached https://files.pythonhosted.org/packages/05/57/ce2e7a8fa7c0afb54a0581b14a65b56e62b5759dbc98e80627142b8a3704/oauthlib-3.1.0-py2.py3-none-any.whl
Collecting contextlib2; python_version < "3"
  Using cached https://files.pythonhosted.org/packages/85/60/370352f7ef6aa96c52fb001831622f50f923c1d575427d021b8ab3311236/contextlib2-0.6.0.post1-py2.py3-none-any.whl
Collecting zipp>=0.5
  Using cached https://files.pythonhosted.org/packages/74/3d/1ee25a26411ba0401b43c6376d2316a71addcc72ef8690b101b4ea56d76a/zipp-0.6.0-py2.py3-none-any.whl
Collecting configparser>=3.5; python_version < "3"
  Using cached https://files.pythonhosted.org/packages/7a/2a/95ed0501cf5d8709490b1d3a3f9b5cf340da6c433f896bbe9ce08dbe6785/configparser-4.0.2-py2.py3-none-any.whl
Processing /root/.cache/pip/wheels/91/95/75/19c98a91239878abbc7c59970abd3b4e0438a7dd5b61778335/scandir-1.10.0-cp27-cp27mu-linux_x86_64.whl
Collecting pyparsing>=2.0.2
  Using cached https://files.pythonhosted.org/packages/11/fa/0160cd525c62d7abd076a070ff02b2b94de589f1a9789774f17d7c54058e/pyparsing-2.4.2-py2.py3-none-any.whl
Collecting pyasn1<0.5.0,>=0.4.6
  Using cached https://files.pythonhosted.org/packages/a1/71/8f0d444e3a74e5640a3d5d967c1c6b015da9c655f35b2d308a55d907a517/pyasn1-0.4.7-py2.py3-none-any.whl
Installing collected packages: six, pyasn1, pyasn1-modules, cachetools, rsa, google-auth, certifi, urllib3, chardet, idna, requests, pyyaml, websocket-client, oauthlib, requests-oauthlib, ipaddress, python-dateutil, kubernetes, lico-fs, pytz, Django, PasteDeploy, Paste, django-pastedeploy-settings, scandir, pathlib2, contextlib2, more-itertools, zipp, configparser, importlib-metadata, funcsigs, attrs, wcwidth, pluggy, atomicwrites, pyparsing, packaging, py, pytest, coverage, pytest-cov, mock, pytest-mock, pytest-django, pytest-pythonpath, psutil, djangorestframework, django-configurations
Successfully installed Django-1.11.25 Paste-3.2.2 PasteDeploy-2.0.1 atomicwrites-1.3.0 attrs-19.3.0 cachetools-3.1.1 certifi-2019.9.11 chardet-3.0.4 configparser-4.0.2 contextlib2-0.6.0.post1 coverage-4.5.4 django-configurations-2.1 django-pastedeploy-settings-1.0.2 djangorestframework-3.9.4 funcsigs-1.0.2 google-auth-1.6.3 idna-2.8 importlib-metadata-0.23 ipaddress-1.0.23 kubernetes-10.0.1 lico-fs-1.0.0.post20191028 mock-3.0.5 more-itertools-5.0.0 oauthlib-3.1.0 packaging-19.2 pathlib2-2.3.5 pluggy-0.13.0 psutil-5.6.3 py-1.8.0 pyasn1-0.4.7 pyasn1-modules-0.2.7 pyparsing-2.4.2 pytest-4.6.6 pytest-cov-2.8.1 pytest-django-3.6.0 pytest-mock-1.11.2 pytest-pythonpath-0.7.3 python-dateutil-2.8.0 pytz-2019.3 pyyaml-5.1.2 requests-2.22.0 requests-oauthlib-1.2.0 rsa-4.0 scandir-1.10.0 six-1.12.0 urllib3-1.25.6 wcwidth-0.1.7 websocket-client-0.56.0 zipp-0.6.0
