action: py27, msg: envreport
cwd: /home/roo/Desktop/projects/paster-django
cmd: /home/roo/Desktop/projects/paster-django/.tox/py27/bin/python -m pip freeze
DEPRECATION: Python 2.7 will reach the end of its life on January 1st, 2020. Please upgrade your Python as Python 2.7 won't be maintained after that date. A future version of pip will drop support for Python 2.7. More details about Python 2 support in pip, can be found at https://pip.pypa.io/en/latest/development/release-process/#python-2-support
atomicwrites==1.3.0
attrs==19.3.0
cachetools==3.1.1
certifi==2019.9.11
chardet==3.0.4
configparser==4.0.2
contextlib2==0.6.0.post1
coverage==4.5.4
deploy==5.4.0
Django==1.11.25
django-configurations==2.1
django-pastedeploy-settings==1.0.2
djangorestframework==3.9.4
funcsigs==1.0.2
google-auth==1.6.3
idna==2.8
importlib-metadata==0.23
ipaddress==1.0.23
kubernetes==10.0.1
lico-fs==1.0.0.post20191028
mock==3.0.5
more-itertools==5.0.0
oauthlib==3.1.0
packaging==19.2
Paste==3.2.2
PasteDeploy==2.0.1
pathlib2==2.3.5
pluggy==0.13.0
psutil==5.6.3
py==1.8.0
pyasn1==0.4.7
pyasn1-modules==0.2.7
pyparsing==2.4.2
pytest==4.6.6
pytest-cov==2.8.1
pytest-django==3.6.0
pytest-mock==1.11.2
pytest-pythonpath==0.7.3
python-dateutil==2.8.0
pytz==2019.3
PyYAML==5.1.2
requests==2.22.0
requests-oauthlib==1.2.0
rsa==4.0
scandir==1.10.0
six==1.12.0
urllib3==1.25.6
wcwidth==0.1.7
websocket-client==0.56.0
zipp==0.6.0
