action: py27, msg: installpkg
cwd: /home/roo/Desktop/projects/paster-django
cmd: /home/roo/Desktop/projects/paster-django/.tox/py27/bin/python -m pip install --trusted-host files.ssw.lenovo.com -f http://files.ssw.lenovo.com/lico-pub/lico/repo/pip/ --exists-action w .tox/.tmp/package/1/deploy-5.4.0.zip
DEPRECATION: Python 2.7 will reach the end of its life on January 1st, 2020. Please upgrade your Python as Python 2.7 won't be maintained after that date. A future version of pip will drop support for Python 2.7. More details about Python 2 support in pip, can be found at https://pip.pypa.io/en/latest/development/release-process/#python-2-support
Looking in links: http://files.ssw.lenovo.com/lico-pub/lico/repo/pip/
Processing ./.tox/.tmp/package/1/deploy-5.4.0.zip
Requirement already satisfied: Django in ./.tox/py27/lib/python2.7/site-packages (from deploy==5.4.0) (1.11.25)
Requirement already satisfied: django-pastedeploy-settings in ./.tox/py27/lib/python2.7/site-packages (from deploy==5.4.0) (1.0.2)
Requirement already satisfied: pytz in ./.tox/py27/lib/python2.7/site-packages (from Django->deploy==5.4.0) (2019.3)
Requirement already satisfied: PasteDeploy>=1.3.3 in ./.tox/py27/lib/python2.7/site-packages (from django-pastedeploy-settings->deploy==5.4.0) (2.0.1)
Requirement already satisfied: Paste>=1.7.2 in ./.tox/py27/lib/python2.7/site-packages (from django-pastedeploy-settings->deploy==5.4.0) (3.2.2)
Requirement already satisfied: setuptools in ./.tox/py27/lib/python2.7/site-packages (from django-pastedeploy-settings->deploy==5.4.0) (41.5.1)
Requirement already satisfied: six>=1.4.0 in ./.tox/py27/lib/python2.7/site-packages (from Paste>=1.7.2->django-pastedeploy-settings->deploy==5.4.0) (1.12.0)
Building wheels for collected packages: deploy
  Building wheel for deploy (setup.py): started
  Building wheel for deploy (setup.py): finished with status 'done'
  Created wheel for deploy: filename=deploy-5.4.0-cp27-none-any.whl size=8332 sha256=ad38e941c12df4fc7fdc7b8da1914da6339a142fdc46301a9db798f8155f8079
  Stored in directory: /root/.cache/pip/wheels/a4/11/e4/16fd43f78d6a386e84c6ff6ebea1a64e9953281628bc4d14ac
Successfully built deploy
Installing collected packages: deploy
  Found existing installation: deploy 5.4.0
    Not uninstalling deploy at /home/roo/Desktop/projects/paster-django, outside environment /home/roo/Desktop/projects/paster-django/.tox/py27
    Can't uninstall 'deploy'. No files were found to uninstall.
Successfully installed deploy-5.4.0
