action: flake8, msg: getenv
cwd: /home/roo/Desktop/projects/paster-django
cmd: /home/roo/Desktop/projects/paster-django/.tox/flake8/bin/python -m pip install --trusted-host files.ssw.lenovo.com -f http://files.ssw.lenovo.com/lico-pub/lico/repo/pip/ 'flake8>=3.4' 'flake8-isort>=2.2'
Looking in links: http://files.ssw.lenovo.com/lico-pub/lico/repo/pip/
Collecting flake8>=3.4
  Using cached https://files.pythonhosted.org/packages/f8/1f/7ea40d1e4146ea55dbab41cda1376db092a75794914169aabd7e8d7a7def/flake8-3.7.9-py2.py3-none-any.whl
Collecting flake8-isort>=2.2
  Using cached https://files.pythonhosted.org/packages/b3/ac/304005fbc13c49dac4767e9733a1f25701e08b1ee0b66fd8f6e07339c921/flake8_isort-2.7.0-py2.py3-none-any.whl
Collecting pyflakes<2.2.0,>=2.1.0
  Using cached https://files.pythonhosted.org/packages/84/f2/ed0ffb887f8138a8fe5a621b8c0bb9598bfb3989e029f6c6a85ee66628ee/pyflakes-2.1.1-py2.py3-none-any.whl
Collecting pycodestyle<2.6.0,>=2.5.0
  Using cached https://files.pythonhosted.org/packages/0e/0c/04a353e104d2f324f8ee5f4b32012618c1c86dd79e52a433b64fceed511b/pycodestyle-2.5.0-py2.py3-none-any.whl
Collecting mccabe<0.7.0,>=0.6.0
  Using cached https://files.pythonhosted.org/packages/87/89/479dc97e18549e21354893e4ee4ef36db1d237534982482c3681ee6e7b57/mccabe-0.6.1-py2.py3-none-any.whl
Collecting entrypoints<0.4.0,>=0.3.0
  Using cached https://files.pythonhosted.org/packages/ac/c6/44694103f8c221443ee6b0041f69e2740d89a25641e62fb4f2ee568f2f9c/entrypoints-0.3-py2.py3-none-any.whl
Collecting testfixtures
  Using cached https://files.pythonhosted.org/packages/cc/38/6a885903ede5e7155665b7d2a3a6fa9416df3c90498c6d3d68103a972a17/testfixtures-6.10.0-py2.py3-none-any.whl
Collecting isort>=4.3.0
  Using cached https://files.pythonhosted.org/packages/e5/b0/c121fd1fa3419ea9bfd55c7f9c4fedfec5143208d8c7ad3ce3db6c623c21/isort-4.3.21-py2.py3-none-any.whl
Installing collected packages: pyflakes, pycodestyle, mccabe, entrypoints, flake8, testfixtures, isort, flake8-isort
Successfully installed entrypoints-0.3 flake8-3.7.9 flake8-isort-2.7.0 isort-4.3.21 mccabe-0.6.1 pycodestyle-2.5.0 pyflakes-2.1.1 testfixtures-6.10.0
